\BOOKMARK [1][-]{section*.1}{Abstract}{}% 1
\BOOKMARK [0][-]{chapter.1}{Einleitung}{}% 2
\BOOKMARK [0][-]{chapter.2}{Theoretische Grundlagen}{}% 3
\BOOKMARK [1][-]{section.2.1}{Funktionale Programmiersprachen}{chapter.2}% 4
\BOOKMARK [1][-]{section.2.2}{Grundlagen der Programmiersprache Elm}{chapter.2}% 5
\BOOKMARK [2][-]{subsection.2.2.1}{Geschichte}{section.2.2}% 6
\BOOKMARK [2][-]{subsection.2.2.2}{Konzept}{section.2.2}% 7
\BOOKMARK [2][-]{subsection.2.2.3}{Umsetzung}{section.2.2}% 8
\BOOKMARK [2][-]{subsection.2.2.4}{Einf\374hrung in die Elm-Architektur}{section.2.2}% 9
\BOOKMARK [0][-]{chapter.3}{Evaluierung der Programmiersprache Elm}{}% 10
\BOOKMARK [1][-]{section.3.1}{Bewertungsmuster}{chapter.3}% 11
\BOOKMARK [1][-]{section.3.2}{Allgemeine Bewertungskriterien}{chapter.3}% 12
\BOOKMARK [2][-]{subsection.3.2.1}{Wartbarkeit und Lesbarkeit}{section.3.2}% 13
\BOOKMARK [2][-]{subsection.3.2.2}{Zuverl\344ssigkeit}{section.3.2}% 14
\BOOKMARK [2][-]{subsection.3.2.3}{Portabilit\344t}{section.3.2}% 15
\BOOKMARK [2][-]{subsection.3.2.4}{Effizienz}{section.3.2}% 16
\BOOKMARK [2][-]{subsection.3.2.5}{Wiederverwendbarkeit}{section.3.2}% 17
\BOOKMARK [1][-]{section.3.3}{Web-spezifische Bewertungskriterien}{chapter.3}% 18
\BOOKMARK [2][-]{subsection.3.3.1}{Browser Kompatibilit\344t}{section.3.3}% 19
\BOOKMARK [2][-]{subsection.3.3.2}{Interoperabilit\344t}{section.3.3}% 20
\BOOKMARK [2][-]{subsection.3.3.3}{Asynchrone Verarbeitung}{section.3.3}% 21
\BOOKMARK [2][-]{subsection.3.3.4}{Dateigr\366\337e}{section.3.3}% 22
\BOOKMARK [1][-]{section.3.4}{Empirische Analyse}{chapter.3}% 23
\BOOKMARK [2][-]{subsection.3.4.1}{Programmablauf}{section.3.4}% 24
\BOOKMARK [2][-]{subsection.3.4.2}{Entwicklungsumgebung}{section.3.4}% 25
\BOOKMARK [2][-]{subsection.3.4.3}{Grundaufbau}{section.3.4}% 26
\BOOKMARK [2][-]{subsection.3.4.4}{\334berf\374hrung des Views}{section.3.4}% 27
\BOOKMARK [2][-]{subsection.3.4.5}{Beheben von JavaScript-Fehlern}{section.3.4}% 28
\BOOKMARK [2][-]{subsection.3.4.6}{Auslagern des Views}{section.3.4}% 29
\BOOKMARK [2][-]{subsection.3.4.7}{Hinzuf\374gen von Klick-Events}{section.3.4}% 30
\BOOKMARK [2][-]{subsection.3.4.8}{Modularisierung der Applikation}{section.3.4}% 31
\BOOKMARK [2][-]{subsection.3.4.9}{Asynchrones Laden von Daten}{section.3.4}% 32
\BOOKMARK [2][-]{subsection.3.4.10}{Beobachtungen}{section.3.4}% 33
\BOOKMARK [2][-]{subsection.3.4.11}{Auswertung}{section.3.4}% 34
\BOOKMARK [0][-]{chapter.4}{Fazit}{}% 35
\BOOKMARK [0][-]{chapter.5}{Eidesstattliche Erkl\344rung}{}% 36
